c:\users\zz0620\desktop\lissimv5\tcpunmanagedwrapper\debug\vc142.pdb
c:\users\zz0620\desktop\lissimv5\tcpunmanagedwrapper\debug\.netframework,version=v4.7.2.assemblyattributes.obj
c:\users\zz0620\desktop\lissimv5\tcpunmanagedwrapper\debug\unmanagedwrapper.obj
c:\users\zz0620\desktop\lissimv5\debug\tcpunmanagedwrapper.dll
c:\users\zz0620\desktop\lissimv5\debug\tcpunmanagedwrapper.pdb
c:\users\zz0620\desktop\lissimv5\tcpunmanagedwrapper\debug\tcpunman.c84d9471.tlog\metagen.write.1.tlog
c:\users\zz0620\desktop\lissimv5\debug\tcpcslibrary.dll
c:\users\zz0620\desktop\lissimv5\debug\tcpcslibrary.pdb
c:\users\zz0620\desktop\lissimv5\debug\tcpunmanagedwrapper.lib
c:\users\zz0620\desktop\lissimv5\debug\tcpunmanagedwrapper.exp
c:\users\zz0620\desktop\lissimv5\tcpunmanagedwrapper\debug\tcpunman.c84d9471.tlog\cl.command.1.tlog
c:\users\zz0620\desktop\lissimv5\tcpunmanagedwrapper\debug\tcpunman.c84d9471.tlog\cl.read.1.tlog
c:\users\zz0620\desktop\lissimv5\tcpunmanagedwrapper\debug\tcpunman.c84d9471.tlog\cl.write.1.tlog
c:\users\zz0620\desktop\lissimv5\tcpunmanagedwrapper\debug\tcpunman.c84d9471.tlog\link.command.1.tlog
c:\users\zz0620\desktop\lissimv5\tcpunmanagedwrapper\debug\tcpunman.c84d9471.tlog\link.read.1.tlog
c:\users\zz0620\desktop\lissimv5\tcpunmanagedwrapper\debug\tcpunman.c84d9471.tlog\link.write.1.tlog
c:\users\zz0620\desktop\lissimv5\tcpunmanagedwrapper\debug\tcpunman.c84d9471.tlog\metagen.read.1.tlog
c:\users\zz0620\desktop\lissimv5\tcpunmanagedwrapper\debug\tcpunman.c84d9471.tlog\tcpunmanagedwrapper.read.1u.tlog
c:\users\zz0620\desktop\lissimv5\tcpunmanagedwrapper\debug\tcpunman.c84d9471.tlog\tcpunmanagedwrapper.write.1u.tlog
c:\users\zz0620\desktop\lissimv5\tcpunmanagedwrapper\debug\tcpunman.c84d9471.tlog\tcpcslibrary.dll.metagen
