c:\users\zz1220\desktop\lissimulator2021\liscommunicationlayer\tcpwrapperclass\debug\tcpwrapperclass.pch
c:\users\zz1220\desktop\lissimulator2021\liscommunicationlayer\tcpwrapperclass\debug\vc142.pdb
c:\users\zz1220\desktop\lissimulator2021\liscommunicationlayer\tcpwrapperclass\debug\pch.obj
c:\users\zz1220\desktop\lissimulator2021\liscommunicationlayer\tcpwrapperclass\debug\tcpwrapperclass.obj
c:\users\zz1220\desktop\lissimulator2021\liscommunicationlayer\tcpwrapperclass\debug\assemblyinfo.obj
c:\users\zz1220\desktop\lissimulator2021\liscommunicationlayer\tcpwrapperclass\debug\.netframework,version=v4.7.2.assemblyattributes.obj
c:\users\zz1220\desktop\lissimulator2021\liscommunicationlayer\debug\tcpwrapperclass.dll
c:\users\zz1220\desktop\lissimulator2021\liscommunicationlayer\debug\tcpwrapperclass.pdb
c:\users\zz1220\desktop\lissimulator2021\liscommunicationlayer\tcpwrapperclass\debug\app.res
c:\users\zz1220\desktop\lissimulator2021\liscommunicationlayer\tcpwrapperclass\debug\tcpwrapperclass.tlog\cl.command.1.tlog
c:\users\zz1220\desktop\lissimulator2021\liscommunicationlayer\tcpwrapperclass\debug\tcpwrapperclass.tlog\cl.read.1.tlog
c:\users\zz1220\desktop\lissimulator2021\liscommunicationlayer\tcpwrapperclass\debug\tcpwrapperclass.tlog\cl.write.1.tlog
c:\users\zz1220\desktop\lissimulator2021\liscommunicationlayer\tcpwrapperclass\debug\tcpwrapperclass.tlog\link.command.1.tlog
c:\users\zz1220\desktop\lissimulator2021\liscommunicationlayer\tcpwrapperclass\debug\tcpwrapperclass.tlog\link.read.1.tlog
c:\users\zz1220\desktop\lissimulator2021\liscommunicationlayer\tcpwrapperclass\debug\tcpwrapperclass.tlog\link.write.1.tlog
c:\users\zz1220\desktop\lissimulator2021\liscommunicationlayer\tcpwrapperclass\debug\tcpwrapperclass.tlog\metagen.read.1.tlog
c:\users\zz1220\desktop\lissimulator2021\liscommunicationlayer\tcpwrapperclass\debug\tcpwrapperclass.tlog\metagen.write.1.tlog
c:\users\zz1220\desktop\lissimulator2021\liscommunicationlayer\tcpwrapperclass\debug\tcpwrapperclass.tlog\rc.command.1.tlog
c:\users\zz1220\desktop\lissimulator2021\liscommunicationlayer\tcpwrapperclass\debug\tcpwrapperclass.tlog\rc.read.1.tlog
c:\users\zz1220\desktop\lissimulator2021\liscommunicationlayer\tcpwrapperclass\debug\tcpwrapperclass.tlog\rc.write.1.tlog
