c:\users\zz1220\desktop\lissimulator2021\liscommunicationlayer\tcpmanagedwrapper\debug\vc142.pdb
c:\users\zz1220\desktop\lissimulator2021\liscommunicationlayer\tcpmanagedwrapper\debug\.netframework,version=v4.7.2.assemblyattributes.obj
c:\users\zz1220\desktop\lissimulator2021\liscommunicationlayer\tcpmanagedwrapper\debug\tcpcswrapper.obj
c:\users\zz1220\desktop\lissimulator2021\liscommunicationlayer\debug\tcpcsfunctions.dll
c:\users\zz1220\desktop\lissimulator2021\liscommunicationlayer\debug\tcpcsfunctions.pdb
c:\users\zz1220\desktop\lissimulator2021\liscommunicationlayer\debug\tcpmanagedwrapper.dll
c:\users\zz1220\desktop\lissimulator2021\liscommunicationlayer\debug\tcpmanagedwrapper.pdb
c:\users\zz1220\desktop\lissimulator2021\liscommunicationlayer\tcpmanagedwrapper\debug\tcpmanag.86d392cf.tlog\metagen.write.1.tlog
c:\users\zz1220\desktop\lissimulator2021\liscommunicationlayer\debug\tcpmanagedwrapper.lib
c:\users\zz1220\desktop\lissimulator2021\liscommunicationlayer\debug\tcpmanagedwrapper.exp
c:\users\zz1220\desktop\lissimulator2021\liscommunicationlayer\tcpmanagedwrapper\debug\tcpmanag.86d392cf.tlog\cl.command.1.tlog
c:\users\zz1220\desktop\lissimulator2021\liscommunicationlayer\tcpmanagedwrapper\debug\tcpmanag.86d392cf.tlog\cl.read.1.tlog
c:\users\zz1220\desktop\lissimulator2021\liscommunicationlayer\tcpmanagedwrapper\debug\tcpmanag.86d392cf.tlog\cl.write.1.tlog
c:\users\zz1220\desktop\lissimulator2021\liscommunicationlayer\tcpmanagedwrapper\debug\tcpmanag.86d392cf.tlog\copylocal.read.1u.tlog
c:\users\zz1220\desktop\lissimulator2021\liscommunicationlayer\tcpmanagedwrapper\debug\tcpmanag.86d392cf.tlog\copylocal.write.1u.tlog
c:\users\zz1220\desktop\lissimulator2021\liscommunicationlayer\tcpmanagedwrapper\debug\tcpmanag.86d392cf.tlog\link.command.1.tlog
c:\users\zz1220\desktop\lissimulator2021\liscommunicationlayer\tcpmanagedwrapper\debug\tcpmanag.86d392cf.tlog\link.read.1.tlog
c:\users\zz1220\desktop\lissimulator2021\liscommunicationlayer\tcpmanagedwrapper\debug\tcpmanag.86d392cf.tlog\link.write.1.tlog
c:\users\zz1220\desktop\lissimulator2021\liscommunicationlayer\tcpmanagedwrapper\debug\tcpmanag.86d392cf.tlog\metagen.read.1.tlog
c:\users\zz1220\desktop\lissimulator2021\liscommunicationlayer\tcpmanagedwrapper\debug\tcpmanag.86d392cf.tlog\tcpmanagedwrapper.write.1u.tlog
c:\users\zz1220\desktop\lissimulator2021\liscommunicationlayer\tcpmanagedwrapper\debug\tcpmanag.86d392cf.tlog\tcpcsfunctions.dll.metagen
