c:\users\zz0620\desktop\lissimulator\lissimv5\tcpwrapperclassv5\debug\tcpwrapperclassv5.pch
c:\users\zz0620\desktop\lissimulator\lissimv5\tcpwrapperclassv5\debug\vc142.pdb
c:\users\zz0620\desktop\lissimulator\lissimv5\tcpwrapperclassv5\debug\pch.obj
c:\users\zz0620\desktop\lissimulator\lissimv5\tcpwrapperclassv5\debug\tcpwrapperclassv5.obj
c:\users\zz0620\desktop\lissimulator\lissimv5\tcpwrapperclassv5\debug\assemblyinfo.obj
c:\users\zz0620\desktop\lissimulator\lissimv5\tcpwrapperclassv5\debug\.netframework,version=v4.7.2.assemblyattributes.obj
c:\users\zz0620\desktop\lissimv5\tcpwrapperclassv5\debug\tcpwrapperclassv5.pch
c:\users\zz0620\desktop\lissimv5\tcpwrapperclassv5\debug\vc142.pdb
c:\users\zz0620\desktop\lissimv5\tcpwrapperclassv5\debug\pch.obj
c:\users\zz0620\desktop\lissimv5\tcpwrapperclassv5\debug\tcpwrapperclassv5.obj
c:\users\zz0620\desktop\lissimv5\tcpwrapperclassv5\debug\assemblyinfo.obj
c:\users\zz0620\desktop\lissimv5\tcpwrapperclassv5\debug\.netframework,version=v4.7.2.assemblyattributes.obj
c:\users\zz0620\desktop\lissimulator\lissimv5\debug\tcpwrapperclassv5.dll
c:\users\zz0620\desktop\lissimulator\lissimv5\debug\tcpwrapperclassv5.pdb
c:\users\zz0620\desktop\lissimv5\debug\tcpwrapperclassv5.dll
c:\users\zz0620\desktop\lissimv5\debug\tcpwrapperclassv5.pdb
c:\users\zz0620\desktop\lissimulator\lissimv5\tcpwrapperclassv5\debug\app.res
c:\users\zz0620\desktop\lissimv5\tcpwrapperclassv5\debug\app.res
c:\users\zz0620\desktop\lissimv5\tcpwrapperclassv5\debug\tcpwrapp.5900ef2a.tlog\cl.command.1.tlog
c:\users\zz0620\desktop\lissimv5\tcpwrapperclassv5\debug\tcpwrapp.5900ef2a.tlog\cl.read.1.tlog
c:\users\zz0620\desktop\lissimv5\tcpwrapperclassv5\debug\tcpwrapp.5900ef2a.tlog\cl.write.1.tlog
c:\users\zz0620\desktop\lissimv5\tcpwrapperclassv5\debug\tcpwrapp.5900ef2a.tlog\link.command.1.tlog
c:\users\zz0620\desktop\lissimv5\tcpwrapperclassv5\debug\tcpwrapp.5900ef2a.tlog\link.read.1.tlog
c:\users\zz0620\desktop\lissimv5\tcpwrapperclassv5\debug\tcpwrapp.5900ef2a.tlog\link.write.1.tlog
c:\users\zz0620\desktop\lissimv5\tcpwrapperclassv5\debug\tcpwrapp.5900ef2a.tlog\metagen.read.1.tlog
c:\users\zz0620\desktop\lissimv5\tcpwrapperclassv5\debug\tcpwrapp.5900ef2a.tlog\metagen.write.1.tlog
c:\users\zz0620\desktop\lissimv5\tcpwrapperclassv5\debug\tcpwrapp.5900ef2a.tlog\rc.command.1.tlog
c:\users\zz0620\desktop\lissimv5\tcpwrapperclassv5\debug\tcpwrapp.5900ef2a.tlog\rc.read.1.tlog
c:\users\zz0620\desktop\lissimv5\tcpwrapperclassv5\debug\tcpwrapp.5900ef2a.tlog\rc.write.1.tlog
